[    0.000000] Initializing cgroup subsys cpuset
[    0.000000] Initializing cgroup subsys cpu
[    0.000000] Initializing cgroup subsys cpuacct
[    0.000000] Linux version 4.4.0-133-generic (buildd@lgw01-amd64-029) (gcc version 5.4.0 20160609 (Ubuntu 5.4.0-6ubuntu1~16.04.10) ) #159-Ubuntu SMP Fri Aug 10 07:31:43 UTC 2018 (Ubuntu 4.4.0-133.159-generic 4.4.134)
[    0.000000] Command line: BOOT_IMAGE=/boot/vmlinuz-4.4.0-133-generic root=UUID=4b8f2060-4a02-4634-8bca-094b07c745ce ro console=tty1 console=ttyS0
[    0.000000] KERNEL supported cpus:
[    0.000000]   Intel GenuineIntel
[    0.000000]   AMD AuthenticAMD
[    0.000000]   Centaur CentaurHauls
[    0.000000] x86/fpu: xstate_offset[2]:  576, xstate_sizes[2]:  256
[    0.000000] x86/fpu: Supporting XSAVE feature 0x01: 'x87 floating point registers'
[    0.000000] x86/fpu: Supporting XSAVE feature 0x02: 'SSE registers'
[    0.000000] x86/fpu: Supporting XSAVE feature 0x04: 'AVX registers'
[    0.000000] x86/fpu: Enabled xstate features 0x7, context size is 832 bytes, using 'standard' format.
[    0.000000] x86/fpu: Using 'eager' FPU context switches.
[    0.000000] e820: BIOS-provided physical RAM map:
[    0.000000] BIOS-e820: [mem 0x0000000000000000-0x000000000009fbff] usable
[    0.000000] BIOS-e820: [mem 0x000000000009fc00-0x000000000009ffff] reserved
[    0.000000] BIOS-e820: [mem 0x00000000000f0000-0x00000000000fffff] reserved
[    0.000000] BIOS-e820: [mem 0x0000000000100000-0x000000003ffeffff] usable
[    0.000000] BIOS-e820: [mem 0x000000003fff0000-0x000000003fffffff] ACPI data
[    0.000000] BIOS-e820: [mem 0x00000000fec00000-0x00000000fec00fff] reserved
[    0.000000] BIOS-e820: [mem 0x00000000fee00000-0x00000000fee00fff] reserved
[    0.000000] BIOS-e820: [mem 0x00000000fffc0000-0x00000000ffffffff] reserved
[    0.000000] NX (Execute Disable) protection: active
[    0.000000] SMBIOS 2.5 present.
[    0.000000] Hypervisor detected: KVM
[    0.000000] e820: last_pfn = 0x3fff0 max_arch_pfn = 0x400000000
[    0.000000] MTRR: Disabled
[    0.000000] x86/PAT: MTRRs disabled, skipping PAT initialization too.
[    0.000000] CPU MTRRs all blank - virtualized system.
[    0.000000] x86/PAT: Configuration [0-7]: WB  WT  UC- UC  WB  WT  UC- UC  
[    0.000000] found SMP MP-table at [mem 0x0009fff0-0x0009ffff] mapped at [ffff88000009fff0]
[    0.000000] Scanning 1 areas for low memory corruption
[    0.000000] RAMDISK: [mem 0x361f0000-0x370effff]
[    0.000000] ACPI: Early table checksum verification disabled
[    0.000000] ACPI: RSDP 0x00000000000E0000 000024 (v02 VBOX  )
[    0.000000] ACPI: XSDT 0x000000003FFF0030 00003C (v01 VBOX   VBOXXSDT 00000001 ASL  00000061)
[    0.000000] ACPI: FACP 0x000000003FFF00F0 0000F4 (v04 VBOX   VBOXFACP 00000001 ASL  00000061)
[    0.000000] ACPI: DSDT 0x000000003FFF0470 0021FF (v02 VBOX   VBOXBIOS 00000002 INTL 20100528)
[    0.000000] ACPI: FACS 0x000000003FFF0200 000040
[    0.000000] ACPI: FACS 0x000000003FFF0200 000040
[    0.000000] ACPI: APIC 0x000000003FFF0240 000054 (v02 VBOX   VBOXAPIC 00000001 ASL  00000061)
[    0.000000] ACPI: SSDT 0x000000003FFF02A0 0001CC (v01 VBOX   VBOXCPUT 00000002 INTL 20100528)
[    0.000000] No NUMA configuration found
[    0.000000] Faking a node at [mem 0x0000000000000000-0x000000003ffeffff]
[    0.000000] NODE_DATA(0) allocated [mem 0x3ffeb000-0x3ffeffff]
[    0.000000] kvm-clock: Using msrs 4b564d01 and 4b564d00
[    0.000000] kvm-clock: cpu 0, msr 0:3ffe3001, primary cpu clock
[    0.000000] kvm-clock: using sched offset of 4724834551 cycles
[    0.000000] clocksource: kvm-clock: mask: 0xffffffffffffffff max_cycles: 0x1cd42e4dffb, max_idle_ns: 881590591483 ns
[    0.000000] Zone ranges:
[    0.000000]   DMA      [mem 0x0000000000001000-0x0000000000ffffff]
[    0.000000]   DMA32    [mem 0x0000000001000000-0x000000003ffeffff]
[    0.000000]   Normal   empty
[    0.000000]   Device   empty
[    0.000000] Movable zone start for each node
[    0.000000] Early memory node ranges
[    0.000000]   node   0: [mem 0x0000000000001000-0x000000000009efff]
[    0.000000]   node   0: [mem 0x0000000000100000-0x000000003ffeffff]
[    0.000000] Initmem setup node 0 [mem 0x0000000000001000-0x000000003ffeffff]
[    0.000000] ACPI: PM-Timer IO Port: 0x4008
[    0.000000] IOAPIC[0]: apic_id 1, version 32, address 0xfec00000, GSI 0-23
[    0.000000] ACPI: INT_SRC_OVR (bus 0 bus_irq 0 global_irq 2 dfl dfl)
[    0.000000] ACPI: INT_SRC_OVR (bus 0 bus_irq 9 global_irq 9 high level)
[    0.000000] Using ACPI (MADT) for SMP configuration information
[    0.000000] smpboot: Allowing 1 CPUs, 0 hotplug CPUs
[    0.000000] PM: Registered nosave memory: [mem 0x00000000-0x00000fff]
[    0.000000] PM: Registered nosave memory: [mem 0x0009f000-0x0009ffff]
[    0.000000] PM: Registered nosave memory: [mem 0x000a0000-0x000effff]
[    0.000000] PM: Registered nosave memory: [mem 0x000f0000-0x000fffff]
[    0.000000] e820: [mem 0x40000000-0xfebfffff] available for PCI devices
[    0.000000] Booting paravirtualized kernel on KVM
[    0.000000] clocksource: refined-jiffies: mask: 0xffffffff max_cycles: 0xffffffff, max_idle_ns: 7645519600211568 ns
[    0.000000] setup_percpu: NR_CPUS:512 nr_cpumask_bits:512 nr_cpu_ids:1 nr_node_ids:1
[    0.000000] PERCPU: Embedded 34 pages/cpu @ffff88003fc00000 s99544 r8192 d31528 u2097152
[    0.000000] PV qspinlock hash table entries: 256 (order: 0, 4096 bytes)
[    0.000000] Built 1 zonelists in Node order, mobility grouping on.  Total pages: 257912
[    0.000000] Policy zone: DMA32
[    0.000000] Kernel command line: BOOT_IMAGE=/boot/vmlinuz-4.4.0-133-generic root=UUID=4b8f2060-4a02-4634-8bca-094b07c745ce ro console=tty1 console=ttyS0
[    0.000000] PID hash table entries: 4096 (order: 3, 32768 bytes)
[    0.000000] Memory: 997280K/1048120K available (8550K kernel code, 1314K rwdata, 4004K rodata, 1528K init, 1316K bss, 50840K reserved, 0K cma-reserved)
[    0.000000] SLUB: HWalign=64, Order=0-3, MinObjects=0, CPUs=1, Nodes=1
[    0.000000] Kernel/User page tables isolation: enabled
[    0.000000] Hierarchical RCU implementation.
[    0.000000] 	Build-time adjustment of leaf fanout to 64.
[    0.000000] 	RCU restricting CPUs from NR_CPUS=512 to nr_cpu_ids=1.
[    0.000000] RCU: Adjusting geometry for rcu_fanout_leaf=64, nr_cpu_ids=1
[    0.000000] NR_IRQS:33024 nr_irqs:256 16
[    0.000000] Console: colour VGA+ 80x25
[    0.000000] console [tty1] enabled
[    0.000000] console [ttyS0] enabled
[    0.000000] tsc: Detected 2494.342 MHz processor
[    1.883611] Calibrating delay loop (skipped) preset value.. 4988.68 BogoMIPS (lpj=9977368)
[    1.887057] pid_max: default: 32768 minimum: 301
[    1.888085] ACPI: Core revision 20150930
[    1.889961] ACPI: 2 ACPI AML tables successfully acquired and loaded
[    1.907789] Security Framework initialized
[    1.908943] Yama: becoming mindful.
[    1.940918] AppArmor: AppArmor initialized
[    1.944344] Dentry cache hash table entries: 131072 (order: 8, 1048576 bytes)
[    1.948627] Inode-cache hash table entries: 65536 (order: 7, 524288 bytes)
[    1.953080] Mount-cache hash table entries: 2048 (order: 2, 16384 bytes)
[    1.954407] Mountpoint-cache hash table entries: 2048 (order: 2, 16384 bytes)
[    1.956560] Initializing cgroup subsys io
[    1.958775] Initializing cgroup subsys memory
[    1.959796] Initializing cgroup subsys devices
[    1.960765] Initializing cgroup subsys freezer
[    1.962711] Initializing cgroup subsys net_cls
[    1.965826] Initializing cgroup subsys perf_event
[    1.968470] Initializing cgroup subsys net_prio
[    1.969732] Initializing cgroup subsys hugetlb
[    1.971004] Initializing cgroup subsys pids
[    1.972577] mce: CPU supports 0 MCE banks
[    1.975187] process: using mwait in idle threads
[    1.976451] Last level iTLB entries: 4KB 512, 2MB 8, 4MB 8
[    1.977896] Last level dTLB entries: 4KB 512, 2MB 32, 4MB 32, 1GB 0
[    1.994549] Spectre V2 : Mitigation: Full generic retpoline
[    1.997761] Spectre V2 : Speculation control IBPB not-supported IBRS not-supported
[    2.000043] Speculative Store Bypass: Vulnerable
[    2.044555] Freeing SMP alternatives memory: 32K
[    2.059665] ftrace: allocating 32262 entries in 127 pages
[    2.137718] smpboot: APIC(0) Converting physical 0 to logical package 0
[    2.151407] smpboot: Max logical packages: 1
[    2.156548] x2apic enabled
[    2.159914] Switched APIC routing to physical x2apic.
[    2.162183] ..TIMER: vector=0x30 apic1=0 pin1=2 apic2=-1 pin2=-1
[    2.270944] smpboot: CPU0: Intel(R) Core(TM) i5-3210M CPU @ 2.50GHz (family: 0x6, model: 0x3a, stepping: 0x9)
[    2.368377] Performance Events: unsupported p6 CPU model 58 no PMU driver, software events only.
[    2.375193] KVM setup paravirtual spinlock
[    2.376783] x86: Booted up 1 node, 1 CPUs
[    2.377669] smpboot: Total of 1 processors activated (4988.68 BogoMIPS)
[    2.393397] devtmpfs: initialized
[    2.399485] evm: security.selinux
[    2.409551] evm: security.SMACK64
[    2.410335] evm: security.SMACK64EXEC
[    2.411177] evm: security.SMACK64TRANSMUTE
[    2.412110] evm: security.SMACK64MMAP
[    2.412977] evm: security.ima
[    2.413791] evm: security.capability
[    2.414778] clocksource: jiffies: mask: 0xffffffff max_cycles: 0xffffffff, max_idle_ns: 7645041785100000 ns
[    2.418779] futex hash table entries: 256 (order: 2, 16384 bytes)
[    2.420165] pinctrl core: initialized pinctrl subsystem
[    2.512094] RTC time: 11:52:37, date: 08/20/18
[    2.515198] NET: Registered protocol family 16
[    2.516752] cpuidle: using governor ladder
[    2.526527] cpuidle: using governor menu
[    2.530870] PCCT header not found.
[    2.531762] ACPI: bus type PCI registered
[    2.536298] acpiphp: ACPI Hot Plug PCI Controller Driver version: 0.5
[    2.558009] PCI: Using configuration type 1 for base access
[    2.560670] ACPI: Added _OSI(Module Device)
[    2.563162] ACPI: Added _OSI(Processor Device)
[    2.564125] ACPI: Added _OSI(3.0 _SCP Extensions)
[    2.565113] ACPI: Added _OSI(Processor Aggregator Device)
[    2.566862] ACPI: Executed 1 blocks of module-level executable AML code
[    2.616446] ACPI: Interpreter enabled
[    2.659624] ACPI: (supports S0 S5)
[    2.661798] ACPI: Using IOAPIC for interrupt routing
[    2.673300] PCI: Using host bridge windows from ACPI; if necessary, use "pci=nocrs" and report a bug
[    2.712157] ACPI: PCI Root Bridge [PCI0] (domain 0000 [bus 00-ff])
[    2.721198] acpi PNP0A03:00: _OSC: OS supports [ASPM ClockPM Segments MSI]
[    2.731550] acpi PNP0A03:00: _OSC: not requesting OS control; OS requires [ExtendedConfig ASPM ClockPM MSI]
[    2.733675] acpi PNP0A03:00: fail to add MMCONFIG information, can't access extended PCI configuration space under this bridge.
[    2.736423] PCI host bridge to bus 0000:00
[    2.739430] pci_bus 0000:00: root bus resource [io  0x0000-0x0cf7 window]
[    2.744219] pci_bus 0000:00: root bus resource [io  0x0d00-0xffff window]
[    2.745539] pci_bus 0000:00: root bus resource [mem 0x000a0000-0x000bffff window]
[    2.747190] pci_bus 0000:00: root bus resource [mem 0x40000000-0xffdfffff window]
[    2.749514] pci_bus 0000:00: root bus resource [bus 00-ff]
[    2.770442] pci 0000:00:01.1: legacy IDE quirk: reg 0x10: [io  0x01f0-0x01f7]
[    2.786509] pci 0000:00:01.1: legacy IDE quirk: reg 0x14: [io  0x03f6]
[    2.795357] pci 0000:00:01.1: legacy IDE quirk: reg 0x18: [io  0x0170-0x0177]
[    2.798892] pci 0000:00:01.1: legacy IDE quirk: reg 0x1c: [io  0x0376]
[    2.820603] pci 0000:00:07.0: quirk: [io  0x4000-0x403f] claimed by PIIX4 ACPI
[    2.850777] pci 0000:00:07.0: quirk: [io  0x4100-0x410f] claimed by PIIX4 SMB
[    2.877947] ACPI: PCI Interrupt Link [LNKA] (IRQs 5 9 10 *11)
[    2.908908] ACPI: PCI Interrupt Link [LNKB] (IRQs 5 9 10 *11)
[    2.911012] ACPI: PCI Interrupt Link [LNKC] (IRQs 5 9 *10 11)
[    2.915391] ACPI: PCI Interrupt Link [LNKD] (IRQs 5 *9 10 11)
[    2.918741] ACPI: Enabled 2 GPEs in block 00 to 07
[    2.920462] vgaarb: setting as boot device: PCI:0000:00:02.0
[    2.924427] vgaarb: device added: PCI:0000:00:02.0,decodes=io+mem,owns=io+mem,locks=none
[    2.928986] vgaarb: loaded
[    2.934482] vgaarb: bridge control possible 0000:00:02.0
[    2.944124] SCSI subsystem initialized
[    2.945592] ACPI: bus type USB registered
[    2.951291] usbcore: registered new interface driver usbfs
[    2.964683] usbcore: registered new interface driver hub
[    2.971463] usbcore: registered new device driver usb
[    2.979989] PCI: Using ACPI for IRQ routing
[    2.984934] NetLabel: Initializing
[    2.995385] NetLabel:  domain hash size = 128
[    2.996367] NetLabel:  protocols = UNLABELED CIPSOv4
[    2.997526] NetLabel:  unlabeled traffic allowed by default
[    2.998809] amd_nb: Cannot enumerate AMD northbridges
[    2.999916] clocksource: Switched to clocksource kvm-clock
[    3.010501] AppArmor: AppArmor Filesystem Enabled
[    3.028956] pnp: PnP ACPI init
[    3.030749] pnp: PnP ACPI: found 3 devices
[    3.041093] clocksource: acpi_pm: mask: 0xffffff max_cycles: 0xffffff, max_idle_ns: 2085701024 ns
[    3.061289] NET: Registered protocol family 2
[    3.067923] TCP established hash table entries: 8192 (order: 4, 65536 bytes)
[    3.074110] TCP bind hash table entries: 8192 (order: 5, 131072 bytes)
[    3.092125] TCP: Hash tables configured (established 8192 bind 8192)
[    3.103163] UDP hash table entries: 512 (order: 2, 16384 bytes)
[    3.106750] UDP-Lite hash table entries: 512 (order: 2, 16384 bytes)
[    3.114347] NET: Registered protocol family 1
[    3.128034] pci 0000:00:00.0: Limiting direct PCI/PCI transfers
[    3.130952] pci 0000:00:01.0: Activating ISA DMA hang workarounds
[    3.133741] Unpacking initramfs...
[    3.405826] Freeing initrd memory: 15360K
[    3.415777] RAPL PMU detected, API unit is 2^-32 Joules, 3 fixed counters 10737418240 ms ovfl timer
[    3.420867] hw unit of domain pp0-core 2^-0 Joules
[    3.429004] hw unit of domain package 2^-0 Joules
[    3.431375] hw unit of domain pp1-gpu 2^-0 Joules
[    3.436561] platform rtc_cmos: registered platform RTC device (no PNP device found)
[    3.438730] Scanning for low memory corruption every 60 seconds
[    3.440877] audit: initializing netlink subsys (disabled)
[    3.444288] audit: type=2000 audit(1534765961.605:1): initialized
[    3.446570] Initialise system trusted keyring
[    3.448091] HugeTLB registered 2 MB page size, pre-allocated 0 pages
[    3.454514] zbud: loaded
[    3.457828] VFS: Disk quotas dquot_6.6.0
[    3.460645] VFS: Dquot-cache hash table entries: 512 (order 0, 4096 bytes)
[    3.465200] squashfs: version 4.0 (2009/01/31) Phillip Lougher
[    3.466969] fuse init (API version 7.23)
[    3.471469] Key type big_key registered
[    3.473731] Allocating IMA MOK and blacklist keyrings.
[    3.486997] Key type asymmetric registered
[    3.488258] Asymmetric key parser 'x509' registered
[    3.489874] Block layer SCSI generic (bsg) driver version 0.4 loaded (major 249)
[    3.499370] io scheduler noop registered
[    3.502466] io scheduler deadline registered (default)
[    3.504107] io scheduler cfq registered
[    3.508292] pci_hotplug: PCI Hot Plug PCI Core version: 0.5
[    3.509829] pciehp: PCI Express Hot Plug Controller Driver version: 0.4
[    3.511622] ACPI: AC Adapter [AC] (on-line)
[    3.513131] input: Power Button as /devices/LNXSYSTM:00/LNXPWRBN:00/input/input0
[    3.525084] ACPI: Power Button [PWRF]
[    3.528924] input: Sleep Button as /devices/LNXSYSTM:00/LNXSLPBN:00/input/input1
[    3.530928] ACPI: Sleep Button [SLPF]
[    3.532842] ACPI: Battery Slot [BAT0] (battery present)
[    3.534276] GHES: HEST is not enabled!
[    3.542567] Serial: 8250/16550 driver, 32 ports, IRQ sharing enabled
[    3.567739] 00:02: ttyS0 at I/O 0x3f8 (irq = 4, base_baud = 115200) is a 16550A
[    3.583172] Linux agpgart interface v0.103
[    3.588019] loop: module loaded
[    3.591678] scsi host0: ata_piix
[    3.598984] scsi host1: ata_piix
[    3.600158] ata1: PATA max UDMA/33 cmd 0x1f0 ctl 0x3f6 bmdma 0xd000 irq 14
[    3.601999] ata2: PATA max UDMA/33 cmd 0x170 ctl 0x376 bmdma 0xd008 irq 15
[    3.604763] libphy: Fixed MDIO Bus: probed
[    3.620150] tun: Universal TUN/TAP device driver, 1.6
[    3.624632] tun: (C) 1999-2004 Max Krasnyansky <maxk@qualcomm.com>
[    3.629673] PPP generic driver version 2.4.2
[    3.633842] ehci_hcd: USB 2.0 'Enhanced' Host Controller (EHCI) Driver
[    3.638993] ehci-pci: EHCI PCI platform driver
[    3.645383] ehci-platform: EHCI generic platform driver
[    3.646940] ohci_hcd: USB 1.1 'Open' Host Controller (OHCI) Driver
[    3.648781] ohci-pci: OHCI PCI platform driver
[    3.650010] ohci-platform: OHCI generic platform driver
[    3.653333] uhci_hcd: USB Universal Host Controller Interface driver
[    3.663378] i8042: PNP: PS/2 Controller [PNP0303:PS2K,PNP0f03:PS2M] at 0x60,0x64 irq 1,12
[    3.670969] serio: i8042 KBD port at 0x60,0x64 irq 1
[    3.675082] serio: i8042 AUX port at 0x60,0x64 irq 12
[    3.677419] mousedev: PS/2 mouse device common for all mice
[    3.687122] input: AT Translated Set 2 keyboard as /devices/platform/i8042/serio0/input/input2
[    3.690759] rtc_cmos rtc_cmos: rtc core: registered rtc_cmos as rtc0
[    3.695148] rtc_cmos rtc_cmos: alarms up to one day, 114 bytes nvram
[    3.698507] i2c /dev entries driver
[    3.699601] device-mapper: uevent: version 1.0.3
[    3.701221] device-mapper: ioctl: 4.34.0-ioctl (2015-10-28) initialised: dm-devel@redhat.com
[    3.707731] ledtrig-cpu: registered to indicate activity on CPUs
[    3.710164] NET: Registered protocol family 10
[    3.711575] NET: Registered protocol family 17
[    3.716523] Key type dns_resolver registered
[    3.718057] registered taskstats version 1
[    3.730766] Loading compiled-in X.509 certificates
[    3.739136] Loaded X.509 cert 'Build time autogenerated kernel key: 2bd7eec8ea2fedbeeda78e0b663eb647cf617c40'
[    3.741223] zswap: loaded using pool lzo/zbud
[    3.751730] Key type trusted registered
[    3.768178] Key type encrypted registered
[    3.782916] AppArmor: AppArmor sha1 policy hashing enabled
[    3.784389] ima: No TPM chip found, activating TPM-bypass!
[    3.789734] ima: Allocated hash algorithm: sha1
[    3.794632] evm: HMAC attrs: 0x1
[    3.797059]   Magic number: 14:21:884
[    3.805915] rtc_cmos rtc_cmos: setting system clock to 2018-08-20 11:52:38 UTC (1534765958)
[    3.818789] BIOS EDD facility v0.16 2004-Jun-25, 0 devices found
[    3.820874] EDD information not available.
[    3.823701] Freeing unused kernel memory: 1528K
[    3.840247] Write protecting the kernel read-only data: 14336k
[    3.860682] Freeing unused kernel memory: 1676K
[    3.874412] Freeing unused kernel memory: 92K
Loading, please wait...
starting version[    3.904013] random: udevadm: uninitialized urandom read (16 bytes read, 3 bits of entropy available)
 229
[    3.917133] random: systemd-udevd: uninitialized urandom read (16 bytes read, 3 bits of entropy available)
[    3.922642] random: systemd-udevd: uninitialized urandom read (16 bytes read, 3 bits of entropy available)
[    3.926960] random: systemd-udevd: uninitialized urandom read (16 bytes read, 3 bits of entropy available)
[    3.933765] random: udevadm: uninitialized urandom read (16 bytes read, 3 bits of entropy available)
[    3.937659] random: systemd-udevd: uninitialized urandom read (16 bytes read, 3 bits of entropy available)
[    3.961355] random: systemd-udevd: uninitialized urandom read (16 bytes read, 3 bits of entropy available)
[    3.973032] random: udevadm: uninitialized urandom read (16 bytes read, 3 bits of entropy available)
[    3.977538] random: systemd-udevd: uninitialized urandom read (16 bytes read, 3 bits of entropy available)
[    3.991429] random: udevadm: uninitialized urandom read (16 bytes read, 3 bits of entropy available)
[    4.089710] e1000: Intel(R) PRO/1000 Network Driver - version 7.3.21-k8-NAPI
[    4.097949] e1000: Copyright (c) 1999-2006 Intel Corporation.
[    4.111664] Fusion MPT base driver 3.04.20
[    4.122067] Copyright (c) 1999-2008 LSI Corporation
[    4.186659] AVX version of gcm_enc/dec engaged.
[    4.190124] AES CTR mode by8 optimization enabled
[    4.232038] Fusion MPT SPI Host driver 3.04.20
[    4.334312] input: ImExPS/2 Generic Explorer Mouse as /devices/platform/i8042/serio1/input/input4
[    4.438160] tsc: Refined TSC clocksource calibration: 2496.015 MHz
[    4.450991] clocksource: tsc: mask: 0xffffffffffffffff max_cycles: 0x23fa8514b04, max_idle_ns: 440795216730 ns
[    4.637264] e1000 0000:00:03.0 eth0: (PCI:33MHz:32-bit) 02:ee:24:bb:8a:f6
[    4.708663] e1000 0000:00:03.0 eth0: Intel(R) PRO/1000 Network Connection
[    4.718905] mptbase: ioc0: Initiating bringup
[    4.780999] ioc0: LSI53C1030 A0: Capabilities={Initiator}
[    4.949642] scsi host2: ioc0: LSI53C1030 A0, FwRev=00000000h, Ports=1, MaxQ=256, IRQ=20
[    5.157496] scsi 2:0:0:0: Direct-Access     VBOX     HARDDISK         1.0  PQ: 0 ANSI: 5
[    5.195010] scsi target2:0:0: Beginning Domain Validation
[    5.290087] scsi target2:0:0: Domain Validation skipping write tests
[    5.298003] scsi target2:0:0: Ending Domain Validation
[    5.320058] scsi target2:0:0: asynchronous
[    5.347050] scsi 2:0:1:0: Direct-Access     VBOX     HARDDISK         1.0  PQ: 0 ANSI: 5
[    5.365518] scsi target2:0:1: Beginning Domain Validation
[    5.438239] scsi target2:0:1: Domain Validation skipping write tests
[    5.447029] scsi target2:0:1: Ending Domain Validation
[    5.457113] scsi target2:0:1: asynchronous
[    5.604728] sd 2:0:0:0: Attached scsi generic sg0 type 0
[    5.665788] sd 2:0:0:0: [sda] 20971520 512-byte logical blocks: (10.7 GB/10.0 GiB)
[    5.698295] sd 2:0:0:0: [sda] Write Protect is off
[    5.700908] sd 2:0:0:0: [sda] Incomplete mode parameter data
[    5.705600] sd 2:0:0:0: [sda] Assuming drive cache: write through
[    5.707316] sd 2:0:1:0: [sdb] 20480 512-byte logical blocks: (10.5 MB/10.0 MiB)
[    5.709223] sd 2:0:1:0: [sdb] Write Protect is off
[    5.712426] sd 2:0:1:0: Attached scsi generic sg1 type 0
[    5.713688] sd 2:0:1:0: [sdb] Incomplete mode parameter data
[    5.723695] sd 2:0:1:0: [sdb] Assuming drive cache: write through
[    5.801100] e1000 0000:00:08.0 eth1: (PCI:33MHz:32-bit) 08:00:27:85:82:2a
[    5.815023] e1000 0000:00:08.0 eth1: Intel(R) PRO/1000 Network Connection
[    5.820858] e1000 0000:00:08.0 enp0s8: renamed from eth1
[    5.833097] e1000 0000:00:03.0 enp0s3: renamed from eth0
[    5.838918]  sda: sda1
[    5.889157] sd 2:0:1:0: [sdb] Attached SCSI disk
[    5.914864] sd 2:0:0:0: [sda] Attached SCSI disk
Begin: Loading essential drivers[    7.448449] md: linear personality registered for level -1
 ... [    7.458482] md: multipath personality registered for level -4
[    7.474843] md: raid0 personality registered for level 0
[    7.486229] md: raid1 personality registered for level 1
[    7.563980] raid6: sse2x1   gen()  4861 MB/s
[    7.636034] raid6: sse2x1   xor()  4251 MB/s
[    7.716127] raid6: sse2x2   gen()  7061 MB/s
[    7.796141] raid6: sse2x2   xor()  6550 MB/s
[    7.868385] raid6: sse2x4   gen() 10377 MB/s
[    7.996323] raid6: sse2x4   xor()  8290 MB/s
[    8.012504] raid6: using algorithm sse2x4 gen() 10377 MB/s
[    8.016143] raid6: .... xor() 8290 MB/s, rmw enabled
[    8.017258] raid6: using ssse3x2 recovery algorithm
[    8.020606] xor: automatically using best checksumming function:
[    8.063963]    avx       : 17099.000 MB/sec
[    8.101573] async_tx: api initialized (async)
[    8.153868] md: raid6 personality registered for level 6
[    8.174252] md: raid5 personality registered for level 5
[    8.179175] md: raid4 personality registered for level 4
[    8.192402] md: raid10 personality registered for level 10
done.
Begin: Running /scripts/init-premount ... done.
Begin: Mounting root file system ... Begin: Running /scripts/local-top ... done.
Begin: Running /scripts/local-premount ... [    8.242533] Btrfs loaded
Scanning for Btrfs filesystems
done.
Warning: fsck not present, so skipping root file system
[    8.492998] EXT4-fs (sda1): mounted filesystem with ordered data mode. Opts: (null)
done.
Begin: Running /scripts/local-bottom ... done.
Begin: Running /scripts/init-bottom ... done.
[    9.539501] systemd[1]: systemd 229 running in system mode. (+PAM +AUDIT +SELINUX +IMA +APPARMOR +SMACK +SYSVINIT +UTMP +LIBCRYPTSETUP +GCRYPT +GNUTLS +ACL +XZ -LZ4 +SECCOMP +BLKID +ELFUTILS +KMOD -IDN)
[    9.554028] systemd[1]: Detected virtualization oracle.
[    9.556803] systemd[1]: Detected architecture x86-64.
[    9.596198] random: nonblocking pool is initialized

Welcome to [1mUbuntu 16.04.4 LTS[0m!

[    9.627548] systemd[1]: Set hostname to <ubuntu-xenial>.
[   10.761025] systemd[1]: Created slice User and Session Slice.
[[0;32m  OK  [0m] Created slice User and Session Slice.
[   10.808080] systemd[1]: Listening on Journal Socket.
[[0;32m  OK  [0m] Listening on Journal Socket.
[   10.895926] systemd[1]: Listening on Device-mapper event daemon FIFOs.
[[0;32m  OK  [0m] Listening on Device-mapper event daemon FIFOs.
[   11.053036] systemd[1]: Started Forward Password Requests to Wall Directory Watch.
[[0;32m  OK  [0m] Started Forward Password Requests to Wall Directory Watch.
[   11.132270] systemd[1]: Listening on udev Kernel Socket.
[[0;32m  OK  [0m] Listening on udev Kernel Socket.
[   11.148732] systemd[1]: Started Trigger resolvconf update for networkd DNS.
[[0;32m  OK  [0m] Started Trigger resolvconf update for networkd DNS.
[   11.163704] systemd[1]: Listening on Journal Audit Socket.
[[0;32m  OK  [0m] Listening on Journal Audit Socket.
[   11.187455] systemd[1]: Listening on udev Control Socket.
[[0;32m  OK  [0m] Listening on udev Control Socket.
[   11.200375] systemd[1]: Listening on /dev/initctl Compatibility Named Pipe.
[[0;32m  OK  [0m] Listening on /dev/initctl Compatibility Named Pipe.
[   11.208750] systemd[1]: Reached target Encrypted Volumes.
[[0;32m  OK  [0m] Reached target Encrypted Volumes.
[   11.224162] systemd[1]: Reached target System Time Synchronized.
[[0;32m  OK  [0m] Reached target System Time Synchronized.
[   11.257048] systemd[1]: Listening on LVM2 poll daemon socket.
[[0;32m  OK  [0m] Listening on LVM2 poll daemon socket.
[   11.276809] systemd[1]: Set up automount Arbitrary Executable File Formats File System Automount Point.
[[0;32m  OK  [0m] Set up automount Arbitrary Executab...ats File System Automount Point.
[   11.292290] systemd[1]: Reached target Swap.
[[0;32m  OK  [0m] Reached target Swap.
[   11.301683] systemd[1]: Listening on Syslog Socket.
[[0;32m  OK  [0m] Listening on Syslog Socket.
[   11.304874] systemd[1]: Created slice System Slice.
[[0;32m  OK  [0m] Created slice System Slice.
[   11.316034] systemd[1]: Starting Nameserver information manager...
         Starting Nameserver information manager...
[   11.329805] systemd[1]: Starting Set console keymap...
         Starting Set console keymap...
[   11.403204] systemd[1]: Starting Create list of required static device nodes for the current kernel...
         Starting Create list of required st... nodes for the current kernel...
[   11.465081] systemd[1]: Mounting Debug File System...
         Mounting Debug File System...
[   11.480232] systemd[1]: Reached target Slices.
[[0;32m  OK  [0m] Reached target Slices.
[   11.484565] systemd[1]: Mounting POSIX Message Queue File System...
         Mounting POSIX Message Queue File System...
[   11.499703] systemd[1]: Starting Remount Root and Kernel File Systems...
         Starting Remount Root and Kernel File Systems...
[   11.537730] systemd[1]: Created slice system-serial\x2dgetty.slice.
[[0;32m  OK  [0m] Created slice system-serial\x2dgetty.slice.
[   11.556342] systemd[1]: Starting Uncomplicated firewall...
[   11.570561] EXT4-fs (sda1): re-mounted. Opts: (null)
         Starting Uncomplicated firewall...
[   11.592831] systemd[1]: Listening on LVM2 metadata daemon socket.
[[0;32m  OK  [0m] Listening on LVM2 metadata daemon socket.
[   11.612815] systemd[1]: Starting Monitoring of LVM2 mirrors, snapshots etc. using dmeventd or progress polling...
         Starting Monitoring of LVM2 mirrors... dmeventd or progress polling...
[   11.630327] systemd[1]: Reached target User and Group Name Lookups.
[[0;32m  OK  [0m] Reached target User and Group Name Lookups.
[   11.648890] systemd[1]: Mounting Huge Pages File System...
         Mounting Huge Pages File System...
[   11.705998] systemd[1]: Starting Load Kernel Modules...
         Starting Load Kernel Modules...
[   11.739404] systemd[1]: Listening on Journal Socket (/dev/log).
[[0;32m  OK  [0m] Listening on Journal Socket (/dev/log).
[   11.758501] systemd[1]: Starting Journal Service...
         Starting Journal Service...
[   11.768297] systemd[1]: Mounted POSIX Message Queue File System.
[[0;32m  OK  [0m] Mounted POSIX Message Queue File System.
[   11.784315] systemd[1]: Mounted Debug File System.
[[0;32m  OK  [0m] Mounted Debug File System.
[   11.832242] systemd[1]: Mounted Huge Pages File System.
[[0;32m  OK  [0m] Mounted Huge Pages File System.
[   11.884535] Loading iSCSI transport class v2.0-870.
[   11.888451] systemd[1]: Started Set console keymap.
[[0;32m  OK  [0m] Started Set console keymap.
[   11.905040] systemd[1]: Started Create list of required static device nodes for the current kernel.
[[0;32m  OK  [0m] Started Create list of required sta...ce nodes for the current kernel.
[   12.038631] systemd[1]: Started Remount Root and Kernel File Systems.
[[0;32m  OK  [0m] Started Remount Root and Kernel File Systems.
[   12.047206] systemd[1]: Started Uncomplicated firewall.
[[0;32m  OK  [0m] Started Uncomplicated firewall.
[   12.051716] systemd[1]: Started Nameserver information manager.
[   12.085621] iscsi: registered transport (tcp)
[[0;32m  OK  [0m] Started Nameserver information manager.
[   12.244832] systemd[1]: Started Journal Service.
[[0;32m  OK  [0m] Started Journal Service.
[[0;32m  OK  [0m] Started LVM2 metadata daemon.
         Starting udev Coldplug all Devices...
[   12.422714] iscsi: registered transport (iser)
         Starting Flush Journal to Persistent Storage...
         Starting Load/Save Random Seed...
         Starting Initial cloud-init job (pre-networking)...
         Starting Create Static Device Nodes in /dev...
[[0;32m  OK  [0m] Started Load Kernel Modules.
[[0;32m  OK  [0m] Started Load/Save Random Seed.
[[0;32m  OK  [0m] Started udev Coldplug all Devices.
[   12.770494] systemd-journald[407]: Received request to flush runtime journal from PID 1
         Starting Apply Kernel Variables...
         Mounting FUSE Control File System...
[[0;32m  OK  [0m] Mounted FUSE Control File System.
[[0;32m  OK  [0m] Started Flush Journal to Persistent Storage.
[[0;32m  OK  [0m] Started Monitoring of LVM2 mirrors,...ng dmeventd or progress polling.
[[0;32m  OK  [0m] Started Create Static Device Nodes in /dev.
[[0;32m  OK  [0m] Started Apply Kernel Variables.
         Starting udev Kernel Device Manager...
[[0;32m  OK  [0m] Started udev Kernel Device Manager.
[[0;32m  OK  [0m] Started Dispatch Password Requests to Console Directory Watch.
[[0;32m  OK  [0m] Reached target Local File Systems (Pre).
[[0;32m  OK  [0m] Reached target Local File Systems.
         Starting Create Volatile Files and Directories...
         Starting Set console font and keymap...
         Starting LSB: AppArmor initialization...
         Starting Tell Plymouth To Write Out Runtime Data...
[[0;32m  OK  [0m] Found device /dev/ttyS0.
[[0;32m  OK  [0m] Started Tell Plymouth To Write Out Runtime Data.
[[0;32m  OK  [0m] Started Create Volatile Files and Directories.
         Starting Update UTMP about System Boot/Shutdown...
[[0;32m  OK  [0m] Found device 82540EM Gigabit Ethern...r (PRO/1000 MT Desktop Adapter).
[[0;32m  OK  [0m] Found device 82540EM Gigabit Ethern...r (PRO/1000 MT Desktop Adapter).
[[0;32m  OK  [0m] Started Set console font and keymap.
[[0;32m  OK  [0m] Created slice system-getty.slice.
[[0;32m  OK  [0m] Started Update UTMP about System Boot/Shutdown.
[[0;32m  OK  [0m] Listening on Load/Save RF Kill Switch Status /dev/rfkill Watch.
[[0;32m  OK  [0m] Started LSB: AppArmor initialization.
[   16.911403] cloud-init[449]: Cloud-init v. 18.2 running 'init-local' at Mon, 20 Aug 2018 11:52:53 +0000. Up 16.03 seconds.
[[0;32m  OK  [0m] Started Initial cloud-init job (pre-networking).
[[0;32m  OK  [0m] Reached target Network (Pre).
         Starting Raise network interfaces...
[[0;32m  OK  [0m] Started ifup for enp0s3.
[[0;32m  OK  [0m] Started ifup for enp0s8.
[[0;32m  OK  [0m] Started Raise network interfaces.
         Starting Initial cloud-init job (metadata service crawler)...
[[0;32m  OK  [0m] Reached target Network.
[   18.839997] cloud-init[1055]: Cloud-init v. 18.2 running 'init' at Mon, 20 Aug 2018 11:52:55 +0000. Up 17.81 seconds.
[   18.881208] cloud-init[1055]: ci-info: ++++++++++++++++++++++++++++++++++++++Net device info++++++++++++++++++++++++++++++++++++++
[   18.924445] cloud-init[1055]: ci-info: +--------+------+-----------------------------+---------------+-------+-------------------+
[[0;32m  OK  [0m] Started Initial cloud-init job (metadata service crawler).
[   18.968154] cloud-init[1055]: ci-info: | Device |  Up  |           Address           |      Mask     | Scope |     Hw-Address    |
[   19.055372] [[0;32m  OK  [0m] Reached target Cloud-config availability.
[[0;32m  OK  [0m] Reached target System Initialization.
cloud-init[1055]: ci-info: +--------+------+-----------------------------+---------------+-------+-------------------+
[[0;32m  OK  [0m] Started ACPI Events Check.
[[0;32m  OK  [0m] Reached target Paths.
[[0;32m  OK  [0m] Started Daily Cleanup of Temporary Directories.
[   19.108337] cloud-init[1055]: ci-info: | enp0s3 | True |          10.0.2.15          | 255.255.255.0 |   .   | 02:ee:24:bb:8a:f6 |
[   19.140461] cloud-init[1055]: ci-info: | enp0s3 | True |  fe80::ee:24ff:febb:8af6/64 |       .       |  link | 02:ee:24:bb:8a:f6 |
[[0;32m  OK  [0m] Started Daily apt download activities.
[   19.182613] cloud-init[1055]: ci-info: | enp0s8 | True |         192.168.5.29        | 255.255.255.0 |   .   | 08:00:27:85:82:2a |
[[0;32m  OK  [0m] Listening on UUID daemon activation socket.
[   19.282449] cloud-init[1055]: ci-info: | enp0s8 | True | fe80::a00:27ff:fe85:822a/64 |       .       |  link | 08:00:27:85:82:2a |
[[0;32m  OK  [0m] Started Daily apt upgrade and clean activities.
[   19.438293] cloud-init[1055]: ci-info: |   lo   | True |          127.0.0.1          |   255.0.0.0   |   .   |         .         |
[   19.593035] cloud-init[1055]: ci-info: |   lo   | True |           ::1/128           |       .       |  host |         .         |
         Starting Socket activation for snappy daemon.
[[0;32m  OK  [0m] Listening on D-Bus System Message Bus Socket.
[   19.683890] cloud-init[1055]: ci-info: +--------+------+-----------------------------+---------------+-------+-------------------+
[[0;32m  OK  [0m] Listening on ACPID Listen Socket.
[   19.882999] cloud-init[1055]: ci-info: +++++++++++++++++++++++++++Route IPv4 info++++++++++++++++++++++++++++
[   19.993786] cloud-init[1055]: ci-info: +-------+-------------+----------+---------------+-----------+-------+
[   20.092620] cloud-init[1055]: ci-info: | Route | Destination | Gateway  |    Genmask    | Interface | Flags |
         Starting LXD - unix socket.
[[0;32m  OK  [0m] Reached target Timers.
[   20.135635] cloud-init[1055]: ci-info: +-------+-------------+----------+---------------+-----------+-------+
[[0;32m  OK  [0m] Reached target Network is Online.
         Starting iSCSI initiator daemon (iscsid)...
[[0;32m  OK  [0m] Listening on Socket activation for snappy daemon.
[[0;32m  OK  [0m] Listening on LXD - unix socket.
[   20.266367] cloud-init[1055]: ci-info: |   0   |   0.0.0.0   | 10.0.2.2 |    0.0.0.0    |   enp0s3  |   UG  |
[   20.612666] cloud-init[1055]: ci-info: |   1   |   10.0.2.0  | 0.0.0.0  | 255.255.255.0 |   enp0s3  |   U   |
[[0;32m  OK  [0m] Reached target Sockets.
[[0;32m  OK  [0m] Reached target Basic System.
[   20.712023] cloud-init[1055]: ci-info: |   2   | 192.168.5.0 | 0.0.0.0  | 255.255.255.0 |   enp0s8  |   U   |
         Starting LXD - container startup/shutdown...
         Starting /etc/rc.local Compatibility...
         Starting Login Service...
         Starting MySQL Community Server...
         Starting Accounts Service...
         Starting A high performance web server and a reverse proxy server...
         Starting The PHP 7.0 FastCGI Process Manager...
[[0;32m  OK  [0m] Started FUSE filesystem for LXC.
         Starting Virtualbox guest utils...
[   20.879406] cloud-init[1055]: ci-info: +-------+-------------+----------+---------------+-----------+-------+
         Starting OpenBSD Secure Shell server...
[[0;32m  OK  [0m] Started Regular background program processing daemon.
[[0;32m  OK  [0m] Started D-Bus System Message Bus.
[[0;32m  OK  [0m] Started ACPI event daemon.
         Starting Snappy daemon...
         Starting Apply the settings specified in cloud-config...
         Starting Advanced key-value store...
         Starting System Logging Service...
         Starting LSB: Record successful boot for GRUB...
[[0;32m  OK  [0m] Started Unattended Upgrades Shutdown.
[[0;32m  OK  [0m] Started Deferred execution scheduler.
         Starting LSB: MD monitoring daemon...
[[0;32m  OK  [0m] Started OpenBSD Secure Shell server.
[[0;32m  OK  [0m] Started iSCSI initiator daemon (iscsid).
[[0;32m  OK  [0m] Started /etc/rc.local Compatibility.
[[0;32m  OK  [0m] Started Login Service.
         Starting Authenticate and Authorize Users to Run Privileged Tasks...
         Starting Login to default iSCSI targets...
[[0;32m  OK  [0m] Started System Logging Service.
[[0;32m  OK  [0m] Started LSB: Record successful boot for GRUB.
[[0;32m  OK  [0m] Started LSB: MD monitoring daemon.
[[0;32m  OK  [0m] Started Login to default iSCSI targets.
[[0;32m  OK  [0m] Reached target Remote File Systems (Pre).
[[0;32m  OK  [0m] Reached target Remote File Systems.
         Starting Permit User Sessions...
         Starting LSB: daemon to balance interrupts for SMP systems...
         Starting LSB: Set the CPU Frequency Scaling governor to "ondemand"...
         Starting LSB: automatic crash report generation...
[[0;32m  OK  [0m] Started LSB: Set the CPU Frequency Scaling governor to "ondemand".
[[0;32m  OK  [0m] Started Permit User Sessions.
         Starting Terminate Plymouth Boot Screen...
         Starting Hold until boot process finishes up...
[[0;32m  OK  [0m] Started LSB: daemon to balance interrupts for SMP systems.
[[0;32m  OK  [0m] Started Terminate Plymouth Boot Screen.
[[0;32m  OK  [0m] Started Hold until boot process finishes up.
[[0;32m  OK  [0m] Started Advanced key-value store.
[[0;32m  OK  [0m] Started Serial Getty on ttyS0.
[[0;32m  OK  [0m] Started Getty on tty1.
[[0;32m  OK  [0m] Reached target Login Prompts.
         Starting Set console scheme...
[[0;32m  OK  [0m] Started LSB: automatic crash report generation.
[[0;32m  OK  [0m] Started Authenticate and Authorize Users to Run Privileged Tasks.
[[0;32m  OK  [0m] Started Accounts Service.
[   25.407297] cloud-init[1179]: Cloud-init v. 18.2 running 'modules:config' at Mon, 20 Aug 2018 11:53:01 +0000. Up 23.86 seconds.
[[0;32m  OK  [0m] Started Apply the settings specified in cloud-config.
[[0;32m  OK  [0m] Started Set console scheme.
[[0;32m  OK  [0m] Started LXD - container startup/shutdown.
[[0;32m  OK  [0m] Started Virtualbox guest utils.
[[0;32m  OK  [0m] Started A high performance web server and a reverse proxy server.
[[0;32m  OK  [0m] Created slice User Slice of vagrant.
         Starting User Manager for UID 1000...
[[0;32m  OK  [0m] Started Session 1 of user vagrant.
[[0;32m  OK  [0m] Started User Manager for UID 1000.
[[0;32m  OK  [0m] Started Snappy daemon.

Ubuntu 16.04.4 LTS ubuntu-xenial ttyS0

ubuntu-xenial login: [   37.905897] cloud-init[1775]: Cloud-init v. 18.2 running 'modules:final' at Mon, 20 Aug 2018 11:53:14 +0000. Up 37.43 seconds.
[   37.907816] cloud-init[1775]: Cloud-init v. 18.2 finished at Mon, 20 Aug 2018 11:53:15 +0000. Datasource DataSourceNoCloud [seed=/dev/sdb][dsmode=net].  Up 37.89 seconds
[[0;32m  OK  [0m] Stopped target Timers.
         Stopping Authenticate and Authorize Users to Run Privileged Tasks...
         Stopping Session 23 of user vagrant.
         Stopping User [[0;32m  OK  [0m] Stopped Accounts Service.
[[0;32m  OK  [0m] Stopped OpenBSD Secure Shell server.
[[0;32m  OK  [0m] Stopped Regular background program processing daemon.
[[0;32m  OK  [0m] Stopped ACPI event daemon.
[[0;32m  OK  [0m] Stopped Deferred execution scheduler.
[[0;32m  OK  [0m] Stopped Authenticate and Authorize Users to Run Privileged Tasks.
[[0;32m  OK  [0m] Stopped Serial Getty on ttyS0.
[[0;32m  OK  [0m] Stopped Getty on tty1.
[[0;32m  OK  [0m] Stopped The PHP 7.0 FastCGI Process Manager.
[[0;32m  OK  [0m] Stopped User Manager for UID 1000.
[[0;32m  OK  [0m] Stopped System Logging Service.
[[0;32m  OK  [0m] Stopped Session 23 of user vagrant.
[[0;32m  OK  [0m] Stopped D-Bus System Message Bus.
[[0;32m  OK  [0m] Stopped A high performance web server and a reverse proxy server.
[[0;32m  OK  [0m] Stopped Snappy daemon.
[[0;32m  OK  [0m] Stopped FUSE filesystem for LXC.
[[0;32m  OK  [0m] Unmounted /var/lib/lxcfs.
[[0;32m  OK  [0m] Stopped LXD - container startup/shutdown.
[[0;32m  OK  [0m] Removed slice User Slice of vagrant.
         Stopping Login Service...
[[0;32m  OK  [0m] Removed slice system-getty.slice.
[[0;32m  OK  [0m] Removed slice system-serial\x2dgetty.slice.
         Stopping Permit User Sessions...
[[0;32m  OK  [0m] Stopped /etc/rc.local Compatibility.
[[0;32m  OK  [0m] Stopped Login Service.
[[0;32m  OK  [0m] Stopped LSB: Set the CPU Frequency Scaling governor to "ondemand".
[[0;32m  OK  [0m] Stopped LSB: automatic crash report generation.
[[0;32m  OK  [0m] Stopped LSB: Record successful boot for GRUB.
[[0;32m  OK  [0m] Stopped Unattended Upgrades Shutdown.
[[0;32m  OK  [0m] Stopped LSB: daemon to balance interrupts for SMP systems.
[[0;32m  OK  [0m] Stopped Virtualbox guest utils.
[[0;32m  OK  [0m] Stopped LSB: MD monitoring daemon.
[[0;32m  OK  [0m] Stopped Permit User Sessions.
[[0;32m  OK  [0m] Stopped Advanced key-value store.
[[0;32m  OK  [0m] Stopped target Remote File Systems.
[[0;32m  OK  [0m] Stopped target Remote File Systems (Pre).
         Stopping Login to default iSCSI targets...
[[0;32m  OK  [0m] Stopped target User and Group Name Lookups.
[[0;32m  OK  [0m] Stopped Login to default iSCSI targets.
         Stopping iSCSI initiator daemon (iscsid)...
[[0;32m  OK  [0m] Stopped iSCSI initiator daemon (iscsid).
[[0;32m  OK  [0m] Stopped target Network is Online.
[[0;32m  OK  [0m] Stopped MySQL Community Server.
[[0;32m  OK  [0m] Stopped target Basic System.
[[0;32m  OK  [0m] Stopped target Slices.
[[0;32m  OK  [0m] Removed slice User and Session Slice.
[[0;32m  OK  [0m] Stopped target Paths.
[[0;32m  OK  [0m] Stopped Dispatch Password Requests to Console Directory Watch.
[[0;32m  OK  [0m] Stopped Forward Password Requests to Wall Directory Watch.
[[0;32m  OK  [0m] Stopped ACPI Events Check.
[[0;32m  OK  [0m] Stopped target Sockets.
[[0;32m  OK  [0m] Closed UUID daemon activation socket.
[[0;32m  OK  [0m] Closed ACPID Listen Socket.
[[0;32m  OK  [0m] Closed Syslog Socket.
[[0;32m  OK  [0m] Closed LXD - unix socket.
[[0;32m  OK  [0m] Closed D-Bus System Message Bus Socket.
[[0;32m  OK  [0m] Closed Socket activation for snappy daemon.
[[0;32m  OK  [0m] Stopped target System Initialization.
[[0;32m  OK  [0m] Stopped target Encrypted Volumes.
[[0;32m  OK  [0m] Stopped Initial cloud-init job (metadata service crawler).
[[0;32m  OK  [0m] Stopped target Swap.
[[0;32m  OK  [0m] Stopped Create Volatile Files and Directories.
         Stopping Load/Save Random Seed...
[[0;32m  OK  [0m] Stopped target Network.
         Stopping Raise network interfaces...
[[0;32m  OK  [0m] Stopped Load/Save Random Seed.
[[0;32m  OK  [0m] Stopped Raise network interfaces.
[[0;32m  OK  [0m] Stopped Apply Kernel Variables.
[[0;32m  OK  [0m] Stopped Load Kernel Modules.
[[0;32m  OK  [0m] Stopped target Local File Systems.
         Unmounting /run/user/1000...
         Unmounting /vagrant...
[[0;32m  OK  [0m] Stopped target Network (Pre).
[[0;32m  OK  [0m] Stopped Initial cloud-init job (pre-networking).
[[0;32m  OK  [0m] Unmounted /run/user/1000.
[[0;32m  OK  [0m] Unmounted /vagrant.
[[0;32m  OK  [0m] Reached target Unmount All Filesystems.
[[0;32m  OK  [0m] Stopped target Local File Systems (Pre).
         Stopping Monitoring of LVM2 mirrors... dmeventd or progress polling...
[[0;32m  OK  [0m] Stopped Remount Root and Kernel File Systems.
[[0;32m  OK  [0m] Stopped Create Static Device Nodes in /dev.
[[0;32m  OK  [0m] Reached target Shutdown.
[23383.764441] reboot: Power down
